0 info it worked if it ends with ok
1 verbose cli [ '/usr/bin/nodejs', '/usr/bin/npm', 'run', 'start-db' ]
2 info using npm@3.5.2
3 info using node@v4.2.6
4 verbose run-script [ 'prestart-db', 'start-db', 'poststart-db' ]
5 info lifecycle house-eva@1.0.0~prestart-db: house-eva@1.0.0
6 silly lifecycle house-eva@1.0.0~prestart-db: no script for prestart-db, continuing
7 info lifecycle house-eva@1.0.0~start-db: house-eva@1.0.0
8 verbose lifecycle house-eva@1.0.0~start-db: unsafe-perm in lifecycle true
9 verbose lifecycle house-eva@1.0.0~start-db: PATH: /usr/share/npm/bin/node-gyp-bin:/home/python/桌面/小鸡评房/houseva-server-backup/node_modules/.bin:/usr/lib/jvm/java-8-openjdk-amd64/bin:/usr/lib/jvm/java-8-openjdk-amd64/jre/bin:/usr/local/sbin:/usr/local/bin:/usr/sbin:/usr/bin:/sbin:/bin:/usr/games:/usr/local/games:/snap/bin:/usr/lib/jvm/java-8-openjdk-amd64/bin
10 verbose lifecycle house-eva@1.0.0~start-db: CWD: /home/python/桌面/小鸡评房/houseva-server-backup
11 silly lifecycle house-eva@1.0.0~start-db: Args: [ '-c', 'mongod -f mongo.config' ]
12 silly lifecycle house-eva@1.0.0~start-db: Returned: code: 48  signal: null
13 info lifecycle house-eva@1.0.0~start-db: Failed to exec start-db script
14 verbose stack Error: house-eva@1.0.0 start-db: `mongod -f mongo.config`
14 verbose stack Exit status 48
14 verbose stack     at EventEmitter.<anonymous> (/usr/share/npm/lib/utils/lifecycle.js:232:16)
14 verbose stack     at emitTwo (events.js:87:13)
14 verbose stack     at EventEmitter.emit (events.js:172:7)
14 verbose stack     at ChildProcess.<anonymous> (/usr/share/npm/lib/utils/spawn.js:24:14)
14 verbose stack     at emitTwo (events.js:87:13)
14 verbose stack     at ChildProcess.emit (events.js:172:7)
14 verbose stack     at maybeClose (internal/child_process.js:821:16)
14 verbose stack     at Process.ChildProcess._handle.onexit (internal/child_process.js:211:5)
15 verbose pkgid house-eva@1.0.0
16 verbose cwd /home/python/桌面/小鸡评房/houseva-server-backup
17 error Linux 4.4.0-119-generic
18 error argv "/usr/bin/nodejs" "/usr/bin/npm" "run" "start-db"
19 error node v4.2.6
20 error npm  v3.5.2
21 error code ELIFECYCLE
22 error house-eva@1.0.0 start-db: `mongod -f mongo.config`
22 error Exit status 48
23 error Failed at the house-eva@1.0.0 start-db script 'mongod -f mongo.config'.
23 error Make sure you have the latest version of node.js and npm installed.
23 error If you do, this is most likely a problem with the house-eva package,
23 error not with npm itself.
23 error Tell the author that this fails on your system:
23 error     mongod -f mongo.config
23 error You can get information on how to open an issue for this project with:
23 error     npm bugs house-eva
23 error Or if that isn't available, you can get their info via:
23 error     npm owner ls house-eva
23 error There is likely additional logging output above.
24 verbose exit [ 1, true ]
